<?xml version="1.0" encoding="UTF-8"?>
<testsuite xmlns:xsi="http://www.w3.org/2001/XMLSchema-instance" xsi:noNamespaceSchemaLocation="https://maven.apache.org/surefire/maven-surefire-plugin/xsd/surefire-test-report.xsd" name="TestSuite" time="45.318" tests="2" errors="0" skipped="0" failures="0">
  <properties>
[...]
</properties>
  <testcase name="test02" classname="ParalelExecution.Android.ParallelAndroidTestCalculator" time="33.247"/>
  <testcase name="test01" classname="ParalelExecution.Android.ParallelAndroidTestCalculator" time="43.241"/>
</testsuite>