<?xml version="1.0" encoding="UTF-8"?>
<testng-results ignored="0" total="2" passed="2" failed="0" skipped="0">
  <reporter-output>
  </reporter-output>
  <suite started-at="2021-09-26T18:25:16 CEST" name="All Test Suite" finished-at="2021-09-26T18:25:59 CEST" duration-ms="43347">
    <groups>
    </groups>
    <test started-at="2021-09-26T18:25:16 CEST" name="/Users/ayyildiz/IdeaProjects/appiumEnglish/src/test/java/ParalelExecution/Android/ParallelAndroidTestCalculator.java" finished-at="2021-09-26T18:25:59 CEST" duration-ms="43347">
      <class name="ParalelExecution.Android.ParallelAndroidTestCalculator">
        <test-method signature="test01()[pri:0, instance:ParalelExecution.Android.ParallelAndroidTestCalculator@2d1ef81a]" started-at="2021-09-26T18:25:16 CEST" name="test01" finished-at="2021-09-26T18:25:59 CEST" duration-ms="43238" status="PASS">
          <reporter-output>
          </reporter-output>
        </test-method> <!-- test01 -->
        <test-method signature="test02()[pri:0, instance:ParalelExecution.Android.ParallelAndroidTestCalculator@2d1ef81a]" started-at="2021-09-26T18:25:16 CEST" name="test02" finished-at="2021-09-26T18:25:49 CEST" duration-ms="33237" status="PASS">
          <reporter-output>
          </reporter-output>
        </test-method> <!-- test02 -->
      </class> <!-- ParalelExecution.Android.ParallelAndroidTestCalculator -->
    </test> <!-- /Users/ayyildiz/IdeaProjects/appiumEnglish/src/test/java/ParalelExecution/Android/ParallelAndroidTestCalculator.java -->
  </suite> <!-- All Test Suite -->
</testng-results>
