<?xml version="1.0" encoding="UTF-8"?>
<!-- Generated by org.testng.reporters.JUnitXMLReporter -->
<testsuite ignored="0" hostname="ayyildizs-MBP" failures="0" tests="2" name="/Users/ayyildiz/IdeaProjects/appiumEnglish/src/test/java/ParalelExecution/Android/ParallelAndroidTestCalculator.java" time="43.347" errors="0" timestamp="2021-09-26T18:25:59 CEST">
  <testcase classname="ParalelExecution.Android.ParallelAndroidTestCalculator" name="test02" time="33.237"/>
  <testcase classname="ParalelExecution.Android.ParallelAndroidTestCalculator" name="test01" time="43.238"/>
</testsuite> <!-- /Users/ayyildiz/IdeaProjects/appiumEnglish/src/test/java/ParalelExecution/Android/ParallelAndroidTestCalculator.java -->
